mode: set
github.com/himakhaitan/logkv-store/engine/db.go:14.32,16.2 1 1
github.com/himakhaitan/logkv-store/engine/db.go:18.47,22.2 3 1
github.com/himakhaitan/logkv-store/engine/db.go:24.44,26.2 1 1
github.com/himakhaitan/logkv-store/engine/db.go:28.40,32.2 3 1
github.com/himakhaitan/logkv-store/engine/db.go:34.40,38.2 3 1
github.com/himakhaitan/logkv-store/engine/db.go:40.44,44.2 3 1
github.com/himakhaitan/logkv-store/engine/module.go:8.25,13.2 1 0
github.com/himakhaitan/logkv-store/cli/output/output.go:22.49,26.2 1 1
github.com/himakhaitan/logkv-store/cli/output/output.go:30.23,32.2 1 1
github.com/himakhaitan/logkv-store/cli/output/output.go:34.23,36.2 1 1
github.com/himakhaitan/logkv-store/cli/output/output.go:38.24,40.2 1 1
github.com/himakhaitan/logkv-store/cli/output/output.go:42.26,44.2 1 1
github.com/himakhaitan/logkv-store/cli/output/output.go:46.24,48.2 1 1
github.com/himakhaitan/logkv-store/cli/output/output.go:50.22,52.2 1 1
github.com/himakhaitan/logkv-store/cli/commands.go:12.20,28.2 6 1
github.com/himakhaitan/logkv-store/cli/commands.go:30.27,32.2 1 1
github.com/himakhaitan/logkv-store/pkg/config/config.go:7.30,12.2 1 1
github.com/himakhaitan/logkv-store/pkg/config/module.go:5.25,7.2 1 0
github.com/himakhaitan/logkv-store/cli/commands/delete.go:14.40,19.48 1 1
github.com/himakhaitan/logkv-store/cli/commands/delete.go:19.48,22.18 3 1
github.com/himakhaitan/logkv-store/cli/commands/delete.go:22.18,24.5 1 0
github.com/himakhaitan/logkv-store/cli/commands/delete.go:26.4,28.18 3 1
github.com/himakhaitan/logkv-store/cli/commands/delete.go:28.18,31.5 2 0
github.com/himakhaitan/logkv-store/cli/commands/delete.go:32.4,33.18 2 1
github.com/himakhaitan/logkv-store/cli/commands/delete.go:33.18,36.5 2 1
github.com/himakhaitan/logkv-store/cli/commands/delete.go:37.4,38.46 2 1
github.com/himakhaitan/logkv-store/cli/commands/delete.go:38.46,41.5 2 1
github.com/himakhaitan/logkv-store/cli/commands/delete.go:42.4,42.47 1 1
github.com/himakhaitan/logkv-store/cli/commands/delete.go:42.47,45.5 2 1
github.com/himakhaitan/logkv-store/cli/commands/delete.go:46.4,46.55 1 1
github.com/himakhaitan/logkv-store/cli/commands/get.go:16.37,21.48 1 1
github.com/himakhaitan/logkv-store/cli/commands/get.go:21.48,24.18 3 1
github.com/himakhaitan/logkv-store/cli/commands/get.go:24.18,26.5 1 0
github.com/himakhaitan/logkv-store/cli/commands/get.go:28.4,31.18 4 1
github.com/himakhaitan/logkv-store/cli/commands/get.go:31.18,34.5 2 1
github.com/himakhaitan/logkv-store/cli/commands/get.go:35.4,36.46 2 1
github.com/himakhaitan/logkv-store/cli/commands/get.go:36.46,39.5 2 1
github.com/himakhaitan/logkv-store/cli/commands/get.go:40.4,40.40 1 1
github.com/himakhaitan/logkv-store/cli/commands/get.go:40.40,43.5 2 1
github.com/himakhaitan/logkv-store/cli/commands/get.go:44.4,45.66 2 1
github.com/himakhaitan/logkv-store/cli/commands/get.go:45.66,48.5 2 1
github.com/himakhaitan/logkv-store/cli/commands/get.go:49.4,51.26 3 1
github.com/himakhaitan/logkv-store/cli/commands/get.go:51.26,53.5 1 1
github.com/himakhaitan/logkv-store/cli/commands/list.go:16.38,20.48 1 1
github.com/himakhaitan/logkv-store/cli/commands/list.go:20.48,22.18 2 1
github.com/himakhaitan/logkv-store/cli/commands/list.go:22.18,24.5 1 1
github.com/himakhaitan/logkv-store/cli/commands/list.go:26.4,28.18 3 1
github.com/himakhaitan/logkv-store/cli/commands/list.go:28.18,31.5 2 1
github.com/himakhaitan/logkv-store/cli/commands/list.go:32.4,33.40 2 1
github.com/himakhaitan/logkv-store/cli/commands/list.go:33.40,36.5 2 1
github.com/himakhaitan/logkv-store/cli/commands/list.go:37.4,38.66 2 1
github.com/himakhaitan/logkv-store/cli/commands/list.go:38.66,41.5 2 1
github.com/himakhaitan/logkv-store/cli/commands/list.go:42.4,42.20 1 1
github.com/himakhaitan/logkv-store/cli/commands/list.go:42.20,43.26 1 1
github.com/himakhaitan/logkv-store/cli/commands/list.go:43.26,45.6 1 1
github.com/himakhaitan/logkv-store/cli/commands/list.go:45.11,47.6 1 0
github.com/himakhaitan/logkv-store/cli/commands/list.go:48.5,48.11 1 1
github.com/himakhaitan/logkv-store/cli/commands/list.go:50.4,50.26 1 1
github.com/himakhaitan/logkv-store/cli/commands/list.go:50.26,52.5 1 1
github.com/himakhaitan/logkv-store/cli/commands/list.go:52.10,54.34 2 1
github.com/himakhaitan/logkv-store/cli/commands/list.go:54.34,56.6 1 1
github.com/himakhaitan/logkv-store/cli/commands/registry.go:12.44,14.2 1 1
github.com/himakhaitan/logkv-store/cli/commands/registry.go:17.61,27.2 1 1
github.com/himakhaitan/logkv-store/cli/commands/registry.go:30.68,32.31 2 1
github.com/himakhaitan/logkv-store/cli/commands/registry.go:32.31,34.3 1 1
github.com/himakhaitan/logkv-store/cli/commands/server.go:9.40,13.48 1 1
github.com/himakhaitan/logkv-store/cli/commands/server.go:13.48,17.4 3 1
github.com/himakhaitan/logkv-store/cli/commands/set.go:16.37,21.48 1 1
github.com/himakhaitan/logkv-store/cli/commands/set.go:21.48,25.18 4 1
github.com/himakhaitan/logkv-store/cli/commands/set.go:25.18,27.5 1 0
github.com/himakhaitan/logkv-store/cli/commands/set.go:29.4,32.18 4 1
github.com/himakhaitan/logkv-store/cli/commands/set.go:32.18,35.5 2 0
github.com/himakhaitan/logkv-store/cli/commands/set.go:36.4,38.18 3 1
github.com/himakhaitan/logkv-store/cli/commands/set.go:38.18,41.5 2 1
github.com/himakhaitan/logkv-store/cli/commands/set.go:42.4,43.47 2 1
github.com/himakhaitan/logkv-store/cli/commands/set.go:43.47,46.5 2 1
github.com/himakhaitan/logkv-store/cli/commands/set.go:47.4,47.58 1 1
github.com/himakhaitan/logkv-store/cli/commands/stats.go:16.39,20.48 1 1
github.com/himakhaitan/logkv-store/cli/commands/stats.go:20.48,22.18 2 1
github.com/himakhaitan/logkv-store/cli/commands/stats.go:22.18,24.5 1 0
github.com/himakhaitan/logkv-store/cli/commands/stats.go:26.4,28.18 3 1
github.com/himakhaitan/logkv-store/cli/commands/stats.go:28.18,31.5 2 1
github.com/himakhaitan/logkv-store/cli/commands/stats.go:32.4,33.40 2 1
github.com/himakhaitan/logkv-store/cli/commands/stats.go:33.40,36.5 2 1
github.com/himakhaitan/logkv-store/cli/commands/stats.go:37.4,38.66 2 1
github.com/himakhaitan/logkv-store/cli/commands/stats.go:38.66,41.5 2 1
github.com/himakhaitan/logkv-store/cli/commands/stats.go:42.4,42.20 1 1
github.com/himakhaitan/logkv-store/cli/commands/stats.go:42.20,43.26 1 1
github.com/himakhaitan/logkv-store/cli/commands/stats.go:43.26,45.6 1 1
github.com/himakhaitan/logkv-store/cli/commands/stats.go:45.11,47.6 1 0
github.com/himakhaitan/logkv-store/cli/commands/stats.go:48.5,48.11 1 1
github.com/himakhaitan/logkv-store/cli/commands/stats.go:50.4,53.58 4 1
github.com/himakhaitan/logkv-store/cli/commands/test_helper.go:14.70,19.2 3 1
github.com/himakhaitan/logkv-store/cli/commands/test_helper.go:21.37,33.2 9 1
github.com/himakhaitan/logkv-store/cli/commands/version.go:12.41,16.48 1 1
github.com/himakhaitan/logkv-store/cli/commands/version.go:16.48,18.4 1 0
github.com/himakhaitan/logkv-store/pkg/logger/logger.go:7.47,11.2 3 1
github.com/himakhaitan/logkv-store/pkg/logger/module.go:8.39,10.31 1 0
github.com/himakhaitan/logkv-store/pkg/logger/module.go:10.31,12.4 1 0
github.com/himakhaitan/logkv-store/server/http.go:17.63,21.73 2 1
github.com/himakhaitan/logkv-store/server/http.go:21.73,24.3 2 1
github.com/himakhaitan/logkv-store/server/http.go:27.2,27.73 1 1
github.com/himakhaitan/logkv-store/server/http.go:27.73,32.16 3 1
github.com/himakhaitan/logkv-store/server/http.go:32.16,36.4 3 0
github.com/himakhaitan/logkv-store/server/http.go:37.3,37.19 1 1
github.com/himakhaitan/logkv-store/server/http.go:38.23,40.18 2 1
github.com/himakhaitan/logkv-store/server/http.go:40.18,44.5 3 1
github.com/himakhaitan/logkv-store/server/http.go:45.4,46.192 2 1
github.com/himakhaitan/logkv-store/server/http.go:47.26,48.41 1 1
github.com/himakhaitan/logkv-store/server/http.go:48.41,52.5 3 1
github.com/himakhaitan/logkv-store/server/http.go:53.4,53.39 1 1
github.com/himakhaitan/logkv-store/server/http.go:54.11,57.10 3 1
github.com/himakhaitan/logkv-store/server/http.go:62.2,62.72 1 1
github.com/himakhaitan/logkv-store/server/http.go:62.72,63.64 1 1
github.com/himakhaitan/logkv-store/server/http.go:63.64,67.4 3 1
github.com/himakhaitan/logkv-store/server/http.go:68.3,69.62 2 1
github.com/himakhaitan/logkv-store/server/http.go:69.62,73.4 3 1
github.com/himakhaitan/logkv-store/server/http.go:74.3,74.20 1 1
github.com/himakhaitan/logkv-store/server/http.go:74.20,78.4 3 1
github.com/himakhaitan/logkv-store/server/http.go:80.3,80.52 1 1
github.com/himakhaitan/logkv-store/server/http.go:80.52,84.4 3 0
github.com/himakhaitan/logkv-store/server/http.go:85.3,85.38 1 1
github.com/himakhaitan/logkv-store/server/http.go:89.2,89.74 1 1
github.com/himakhaitan/logkv-store/server/http.go:89.74,92.33 2 1
github.com/himakhaitan/logkv-store/server/http.go:92.33,96.4 3 1
github.com/himakhaitan/logkv-store/server/http.go:97.3,98.17 2 1
github.com/himakhaitan/logkv-store/server/http.go:98.17,102.4 3 0
github.com/himakhaitan/logkv-store/server/http.go:103.3,111.5 2 1
github.com/himakhaitan/logkv-store/server/http.go:115.2,115.75 1 1
github.com/himakhaitan/logkv-store/server/http.go:115.75,117.33 2 1
github.com/himakhaitan/logkv-store/server/http.go:117.33,121.4 3 1
github.com/himakhaitan/logkv-store/server/http.go:122.3,123.17 2 1
github.com/himakhaitan/logkv-store/server/http.go:123.17,127.4 3 0
github.com/himakhaitan/logkv-store/server/http.go:128.3,137.5 1 1
github.com/himakhaitan/logkv-store/server/http.go:140.2,140.12 1 1
github.com/himakhaitan/logkv-store/server/http.go:144.53,146.16 2 1
github.com/himakhaitan/logkv-store/server/http.go:146.16,148.3 1 1
github.com/himakhaitan/logkv-store/server/http.go:149.2,149.47 1 1
github.com/himakhaitan/logkv-store/server/http.go:153.78,155.44 1 1
github.com/himakhaitan/logkv-store/server/http.go:155.44,157.14 2 1
github.com/himakhaitan/logkv-store/server/http.go:157.14,158.82 1 1
github.com/himakhaitan/logkv-store/server/http.go:158.82,160.6 1 0
github.com/himakhaitan/logkv-store/server/http.go:162.4,162.14 1 1
github.com/himakhaitan/logkv-store/server/http.go:164.43,167.4 2 1
github.com/himakhaitan/logkv-store/server/module.go:9.25,16.2 1 0
github.com/himakhaitan/logkv-store/cmd/logkvd/main.go:10.13,18.2 2 0
github.com/himakhaitan/logkv-store/cmd/logkv-cli/main.go:12.13,24.34 3 0
github.com/himakhaitan/logkv-store/cmd/logkv-cli/main.go:24.34,25.13 1 0
github.com/himakhaitan/logkv-store/cmd/logkv-cli/main.go:29.2,29.42 1 0
github.com/himakhaitan/logkv-store/cmd/logkv-cli/main.go:29.42,32.3 2 0
github.com/himakhaitan/logkv-store/store/entry.go:18.41,26.2 1 1
github.com/himakhaitan/logkv-store/store/entry.go:29.36,31.2 1 1
github.com/himakhaitan/logkv-store/store/entry.go:34.28,36.2 1 1
github.com/himakhaitan/logkv-store/store/entry.go:39.36,60.21 11 1
github.com/himakhaitan/logkv-store/store/entry.go:60.21,62.3 1 1
github.com/himakhaitan/logkv-store/store/entry.go:64.2,64.12 1 1
github.com/himakhaitan/logkv-store/store/entry.go:68.52,69.20 1 1
github.com/himakhaitan/logkv-store/store/entry.go:69.20,71.3 1 1
github.com/himakhaitan/logkv-store/store/entry.go:73.2,85.61 5 1
github.com/himakhaitan/logkv-store/store/entry.go:85.61,87.3 1 1
github.com/himakhaitan/logkv-store/store/entry.go:90.2,94.25 3 1
github.com/himakhaitan/logkv-store/store/entry.go:94.25,97.3 2 1
github.com/himakhaitan/logkv-store/store/entry.go:99.2,99.19 1 1
github.com/himakhaitan/logkv-store/store/hash_table.go:22.32,26.2 1 1
github.com/himakhaitan/logkv-store/store/hash_table.go:29.102,39.2 3 1
github.com/himakhaitan/logkv-store/store/hash_table.go:42.62,48.2 4 1
github.com/himakhaitan/logkv-store/store/hash_table.go:51.41,56.2 3 1
github.com/himakhaitan/logkv-store/store/hash_table.go:59.38,64.28 4 1
github.com/himakhaitan/logkv-store/store/hash_table.go:64.28,66.3 1 1
github.com/himakhaitan/logkv-store/store/hash_table.go:67.2,67.13 1 1
github.com/himakhaitan/logkv-store/store/hash_table.go:71.43,78.33 5 1
github.com/himakhaitan/logkv-store/store/hash_table.go:78.33,80.3 1 1
github.com/himakhaitan/logkv-store/store/hash_table.go:82.2,82.29 1 1
github.com/himakhaitan/logkv-store/store/segment.go:35.60,39.16 3 1
github.com/himakhaitan/logkv-store/store/segment.go:39.16,41.3 1 1
github.com/himakhaitan/logkv-store/store/segment.go:44.2,45.16 2 1
github.com/himakhaitan/logkv-store/store/segment.go:45.16,48.3 2 0
github.com/himakhaitan/logkv-store/store/segment.go:50.2,61.21 2 1
github.com/himakhaitan/logkv-store/store/segment.go:65.61,69.16 3 1
github.com/himakhaitan/logkv-store/store/segment.go:69.16,71.3 1 1
github.com/himakhaitan/logkv-store/store/segment.go:74.2,75.16 2 1
github.com/himakhaitan/logkv-store/store/segment.go:75.16,78.3 2 0
github.com/himakhaitan/logkv-store/store/segment.go:80.2,91.21 2 1
github.com/himakhaitan/logkv-store/store/segment.go:95.55,99.16 3 1
github.com/himakhaitan/logkv-store/store/segment.go:99.16,101.3 1 1
github.com/himakhaitan/logkv-store/store/segment.go:103.2,103.17 1 1
github.com/himakhaitan/logkv-store/store/segment.go:103.17,105.3 1 0
github.com/himakhaitan/logkv-store/store/segment.go:108.2,108.57 1 1
github.com/himakhaitan/logkv-store/store/segment.go:108.57,111.3 2 1
github.com/himakhaitan/logkv-store/store/segment.go:114.2,119.16 4 1
github.com/himakhaitan/logkv-store/store/segment.go:119.16,121.3 1 1
github.com/himakhaitan/logkv-store/store/segment.go:124.2,127.20 3 1
github.com/himakhaitan/logkv-store/store/segment.go:131.51,135.19 3 1
github.com/himakhaitan/logkv-store/store/segment.go:135.19,137.3 1 1
github.com/himakhaitan/logkv-store/store/segment.go:140.2,141.16 2 1
github.com/himakhaitan/logkv-store/store/segment.go:141.16,143.3 1 1
github.com/himakhaitan/logkv-store/store/segment.go:146.2,148.16 3 1
github.com/himakhaitan/logkv-store/store/segment.go:148.16,150.3 1 1
github.com/himakhaitan/logkv-store/store/segment.go:153.2,162.16 7 1
github.com/himakhaitan/logkv-store/store/segment.go:162.16,164.3 1 1
github.com/himakhaitan/logkv-store/store/segment.go:166.2,166.36 1 1
github.com/himakhaitan/logkv-store/store/segment.go:170.33,174.16 3 1
github.com/himakhaitan/logkv-store/store/segment.go:174.16,176.3 1 1
github.com/himakhaitan/logkv-store/store/segment.go:178.2,181.23 3 1
github.com/himakhaitan/logkv-store/store/segment.go:185.35,189.2 3 1
github.com/himakhaitan/logkv-store/store/segment.go:192.32,196.2 3 1
github.com/himakhaitan/logkv-store/store/segment.go:199.36,203.2 3 1
github.com/himakhaitan/logkv-store/store/segment.go:206.28,208.2 1 1
github.com/himakhaitan/logkv-store/store/segment.go:211.33,213.2 1 1
github.com/himakhaitan/logkv-store/store/segment_manager.go:21.66,29.52 2 1
github.com/himakhaitan/logkv-store/store/segment_manager.go:29.52,31.3 1 1
github.com/himakhaitan/logkv-store/store/segment_manager.go:34.2,34.42 1 1
github.com/himakhaitan/logkv-store/store/segment_manager.go:34.42,36.3 1 0
github.com/himakhaitan/logkv-store/store/segment_manager.go:39.2,39.22 1 1
github.com/himakhaitan/logkv-store/store/segment_manager.go:39.22,40.50 1 1
github.com/himakhaitan/logkv-store/store/segment_manager.go:40.50,42.4 1 0
github.com/himakhaitan/logkv-store/store/segment_manager.go:45.2,45.16 1 1
github.com/himakhaitan/logkv-store/store/segment_manager.go:49.48,51.16 2 1
github.com/himakhaitan/logkv-store/store/segment_manager.go:51.16,53.3 1 0
github.com/himakhaitan/logkv-store/store/segment_manager.go:55.2,59.29 3 1
github.com/himakhaitan/logkv-store/store/segment_manager.go:59.29,62.17 3 1
github.com/himakhaitan/logkv-store/store/segment_manager.go:62.17,63.12 1 0
github.com/himakhaitan/logkv-store/store/segment_manager.go:66.3,67.17 2 1
github.com/himakhaitan/logkv-store/store/segment_manager.go:67.17,69.4 1 0
github.com/himakhaitan/logkv-store/store/segment_manager.go:71.3,75.22 3 1
github.com/himakhaitan/logkv-store/store/segment_manager.go:75.22,77.4 1 1
github.com/himakhaitan/logkv-store/store/segment_manager.go:81.2,84.44 2 1
github.com/himakhaitan/logkv-store/store/segment_manager.go:84.44,88.25 3 1
github.com/himakhaitan/logkv-store/store/segment_manager.go:88.25,90.9 2 0
github.com/himakhaitan/logkv-store/store/segment_manager.go:94.2,95.12 2 1
github.com/himakhaitan/logkv-store/store/segment_manager.go:99.55,101.16 2 1
github.com/himakhaitan/logkv-store/store/segment_manager.go:101.16,103.3 1 0
github.com/himakhaitan/logkv-store/store/segment_manager.go:105.2,109.12 4 1
github.com/himakhaitan/logkv-store/store/segment_manager.go:113.64,117.22 3 1
github.com/himakhaitan/logkv-store/store/segment_manager.go:117.22,119.3 1 1
github.com/himakhaitan/logkv-store/store/segment_manager.go:121.2,122.13 2 0
github.com/himakhaitan/logkv-store/store/segment_manager.go:122.13,124.3 1 0
github.com/himakhaitan/logkv-store/store/segment_manager.go:126.2,126.21 1 0
github.com/himakhaitan/logkv-store/store/segment_manager.go:130.63,136.2 4 1
github.com/himakhaitan/logkv-store/store/segment_manager.go:139.68,144.22 3 1
github.com/himakhaitan/logkv-store/store/segment_manager.go:144.22,146.3 1 1
github.com/himakhaitan/logkv-store/store/segment_manager.go:147.2,148.13 2 1
github.com/himakhaitan/logkv-store/store/segment_manager.go:148.13,150.3 1 1
github.com/himakhaitan/logkv-store/store/segment_manager.go:152.2,153.16 2 1
github.com/himakhaitan/logkv-store/store/segment_manager.go:153.16,154.28 1 1
github.com/himakhaitan/logkv-store/store/segment_manager.go:154.28,156.51 1 1
github.com/himakhaitan/logkv-store/store/segment_manager.go:156.51,158.5 1 0
github.com/himakhaitan/logkv-store/store/segment_manager.go:161.4,163.18 3 1
github.com/himakhaitan/logkv-store/store/segment_manager.go:163.18,165.5 1 0
github.com/himakhaitan/logkv-store/store/segment_manager.go:166.9,168.4 1 0
github.com/himakhaitan/logkv-store/store/segment_manager.go:171.2,171.34 1 1
github.com/himakhaitan/logkv-store/store/segment_manager.go:175.74,180.13 4 1
github.com/himakhaitan/logkv-store/store/segment_manager.go:180.13,182.3 1 1
github.com/himakhaitan/logkv-store/store/segment_manager.go:184.2,184.26 1 1
github.com/himakhaitan/logkv-store/store/segment_manager.go:188.41,193.38 4 1
github.com/himakhaitan/logkv-store/store/segment_manager.go:193.38,194.41 1 1
github.com/himakhaitan/logkv-store/store/segment_manager.go:194.41,196.4 1 0
github.com/himakhaitan/logkv-store/store/segment_manager.go:199.2,202.16 3 1
github.com/himakhaitan/logkv-store/store/segment_manager.go:206.49,211.30 4 1
github.com/himakhaitan/logkv-store/store/segment_manager.go:211.30,213.3 1 1
github.com/himakhaitan/logkv-store/store/segment_manager.go:215.2,216.12 2 1
github.com/himakhaitan/logkv-store/store/store.go:24.69,26.51 2 1
github.com/himakhaitan/logkv-store/store/store.go:26.51,28.3 1 1
github.com/himakhaitan/logkv-store/store/store.go:30.2,38.16 3 1
github.com/himakhaitan/logkv-store/store/store.go:38.16,42.3 2 1
github.com/himakhaitan/logkv-store/store/store.go:43.2,46.49 2 1
github.com/himakhaitan/logkv-store/store/store.go:46.49,50.3 2 0
github.com/himakhaitan/logkv-store/store/store.go:52.2,52.19 1 1
github.com/himakhaitan/logkv-store/store/store.go:56.42,57.29 1 1
github.com/himakhaitan/logkv-store/store/store.go:57.29,60.3 2 1
github.com/himakhaitan/logkv-store/store/store.go:62.2,64.39 2 1
github.com/himakhaitan/logkv-store/store/store.go:64.39,66.14 2 1
github.com/himakhaitan/logkv-store/store/store.go:66.14,67.12 1 0
github.com/himakhaitan/logkv-store/store/store.go:71.3,71.58 1 1
github.com/himakhaitan/logkv-store/store/store.go:71.58,74.4 2 0
github.com/himakhaitan/logkv-store/store/store.go:77.2,77.12 1 1
github.com/himakhaitan/logkv-store/store/store.go:81.63,88.24 3 1
github.com/himakhaitan/logkv-store/store/store.go:88.24,90.17 2 1
github.com/himakhaitan/logkv-store/store/store.go:90.17,92.4 1 0
github.com/himakhaitan/logkv-store/store/store.go:94.3,97.27 2 1
github.com/himakhaitan/logkv-store/store/store.go:97.27,99.4 1 1
github.com/himakhaitan/logkv-store/store/store.go:99.9,102.4 1 1
github.com/himakhaitan/logkv-store/store/store.go:105.3,105.29 1 1
github.com/himakhaitan/logkv-store/store/store.go:108.2,108.12 1 1
github.com/himakhaitan/logkv-store/store/store.go:112.49,117.13 4 1
github.com/himakhaitan/logkv-store/store/store.go:117.13,119.3 1 1
github.com/himakhaitan/logkv-store/store/store.go:122.2,123.16 2 1
github.com/himakhaitan/logkv-store/store/store.go:123.16,125.3 1 0
github.com/himakhaitan/logkv-store/store/store.go:127.2,127.36 1 1
github.com/himakhaitan/logkv-store/store/store.go:131.46,137.29 4 1
github.com/himakhaitan/logkv-store/store/store.go:137.29,139.3 1 1
github.com/himakhaitan/logkv-store/store/store.go:142.2,152.16 3 1
github.com/himakhaitan/logkv-store/store/store.go:152.16,154.3 1 0
github.com/himakhaitan/logkv-store/store/store.go:157.2,159.12 2 1
github.com/himakhaitan/logkv-store/store/store.go:163.42,167.29 3 1
github.com/himakhaitan/logkv-store/store/store.go:167.29,169.3 1 0
github.com/himakhaitan/logkv-store/store/store.go:172.2,173.13 2 1
github.com/himakhaitan/logkv-store/store/store.go:173.13,175.3 1 1
github.com/himakhaitan/logkv-store/store/store.go:178.2,188.16 3 1
github.com/himakhaitan/logkv-store/store/store.go:188.16,190.3 1 0
github.com/himakhaitan/logkv-store/store/store.go:193.2,195.12 2 1
github.com/himakhaitan/logkv-store/store/store.go:199.42,204.2 3 1
github.com/himakhaitan/logkv-store/store/store.go:213.40,221.29 5 1
github.com/himakhaitan/logkv-store/store/store.go:221.29,223.3 1 0
github.com/himakhaitan/logkv-store/store/store.go:225.2,229.8 1 1
github.com/himakhaitan/logkv-store/store/store.go:233.31,237.29 3 1
github.com/himakhaitan/logkv-store/store/store.go:237.29,239.3 1 1
github.com/himakhaitan/logkv-store/store/store.go:241.2,241.12 1 1
